<?xml version="1.0" encoding="UTF-8"?>
<!-- Generated by org.testng.reporters.JUnitReportReporter -->
<testsuite skipped="0" hostname="MUNO112173-11" name="tests.NegativeLoginTests" tests="1" failures="0" timestamp="2020-08-23T19:21:21 COT" time="8.743" errors="0">
  <testcase name="invalidLogin" time="8.743" classname="tests.NegativeLoginTests"/>
  <system-out/>
</testsuite> <!-- tests.NegativeLoginTests -->
