<?xml version="1.0" encoding="UTF-8"?>
<!-- Generated by org.testng.reporters.JUnitReportReporter -->
<testsuite skipped="0" hostname="MUNO112173-11" name="tests.TestLogin" tests="1" failures="0" timestamp="2020-08-23T10:19:02 COT" time="12.761" errors="0">
  <testcase name="validLoginTest" time="12.761" classname="tests.TestLogin"/>
  <system-out/>
</testsuite> <!-- tests.TestLogin -->
